[0.021s] Invoking command in '/home/yhan/yhan_ROS2/yhan_ws/src/build/simple_pkg_cpp': CMAKE_PREFIX_PATH=/opt/ros/humble /usr/bin/cmake /home/yhan/yhan_ROS2/yhan_ws/src/simple_pkg_cpp -DAMENT_CMAKE_SYMLINK_INSTALL=1 -DCMAKE_INSTALL_PREFIX=/home/yhan/yhan_ROS2/yhan_ws/src/install/simple_pkg_cpp
[0.185s] -- The C compiler identification is GNU 11.4.0
[0.399s] -- The CXX compiler identification is GNU 11.4.0
[0.440s] -- Detecting C compiler ABI info
[0.788s] -- Detecting C compiler ABI info - done
[0.801s] -- Check for working C compiler: /usr/bin/cc - skipped
[0.801s] -- Detecting C compile features
[0.801s] -- Detecting C compile features - done
[0.801s] -- Detecting CXX compiler ABI info
[1.119s] -- Detecting CXX compiler ABI info - done
[1.129s] -- Check for working CXX compiler: /usr/bin/c++ - skipped
[1.129s] -- Detecting CXX compile features
[1.129s] -- Detecting CXX compile features - done
[1.139s] -- Found ament_cmake: 1.3.9 (/opt/ros/humble/share/ament_cmake/cmake)
[1.514s] -- Found Python3: /usr/bin/python3 (found version "3.10.12") found components: Interpreter 
[1.728s] -- Override CMake install command with custom implementation using symlinks instead of copying resources
[1.834s] -- Found rclcpp: 16.0.9 (/opt/ros/humble/share/rclcpp/cmake)
[1.916s] -- Found rosidl_generator_c: 3.1.5 (/opt/ros/humble/share/rosidl_generator_c/cmake)
[1.924s] -- Found rosidl_adapter: 3.1.5 (/opt/ros/humble/share/rosidl_adapter/cmake)
[1.943s] -- Found rosidl_generator_cpp: 3.1.5 (/opt/ros/humble/share/rosidl_generator_cpp/cmake)
[1.967s] -- Using all available rosidl_typesupport_c: rosidl_typesupport_fastrtps_c;rosidl_typesupport_introspection_c
[2.001s] -- Using all available rosidl_typesupport_cpp: rosidl_typesupport_fastrtps_cpp;rosidl_typesupport_introspection_cpp
[2.160s] -- Found rmw_implementation_cmake: 6.1.2 (/opt/ros/humble/share/rmw_implementation_cmake/cmake)
[2.173s] -- Found rmw_fastrtps_cpp: 6.2.6 (/opt/ros/humble/share/rmw_fastrtps_cpp/cmake)
[2.526s] -- Found OpenSSL: /usr/lib/x86_64-linux-gnu/libcrypto.so (found version "3.0.2")  
[2.598s] -- Found FastRTPS: /opt/ros/humble/include  
[2.706s] -- Using RMW implementation 'rmw_fastrtps_cpp' as default
[2.753s] -- Looking for pthread.h
[2.963s] -- Looking for pthread.h - found
[2.964s] -- Performing Test CMAKE_HAVE_LIBC_PTHREAD
[3.272s] -- Performing Test CMAKE_HAVE_LIBC_PTHREAD - Success
[3.274s] -- Found Threads: TRUE  
[3.716s] -- Found OpenCV: /usr (found version "4.5.4") 
[3.748s] -- Found ament_lint_auto: 0.12.11 (/opt/ros/humble/share/ament_lint_auto/cmake)
[4.049s] -- Added test 'cppcheck' to perform static code analysis on C / C++ code
[4.049s] -- Configured cppcheck include dirs: /home/yhan/yhan_ROS2/yhan_ws/src/simple_pkg_cpp/include
[4.049s] -- Configured cppcheck exclude dirs and/or files: 
[4.055s] -- Added test 'lint_cmake' to check CMake code style
[4.111s] -- Added test 'uncrustify' to check C / C++ code style
[4.111s] -- Configured uncrustify additional arguments: 
[4.111s] -- Added test 'xmllint' to check XML markup files
[4.111s] -- Configuring done
[4.150s] -- Generating done
[4.150s] -- Build files have been written to: /home/yhan/yhan_ROS2/yhan_ws/src/build/simple_pkg_cpp
[4.167s] Invoked command in '/home/yhan/yhan_ROS2/yhan_ws/src/build/simple_pkg_cpp' returned '0': CMAKE_PREFIX_PATH=/opt/ros/humble /usr/bin/cmake /home/yhan/yhan_ROS2/yhan_ws/src/simple_pkg_cpp -DAMENT_CMAKE_SYMLINK_INSTALL=1 -DCMAKE_INSTALL_PREFIX=/home/yhan/yhan_ROS2/yhan_ws/src/install/simple_pkg_cpp
[4.168s] Invoking command in '/home/yhan/yhan_ROS2/yhan_ws/src/build/simple_pkg_cpp': CMAKE_PREFIX_PATH=/opt/ros/humble /usr/bin/cmake --build /home/yhan/yhan_ROS2/yhan_ws/src/build/simple_pkg_cpp -- -j2 -l2
[4.290s] [  4%] [32mBuilding CXX object CMakeFiles/helloword.dir/src/helloworld.cpp.o[0m
[4.899s] [  9%] [32m[1mLinking CXX executable helloword[0m
[5.210s] [  9%] Built target helloword
[5.319s] [ 13%] [32mBuilding CXX object CMakeFiles/helloOpenCV.dir/src/helloOpenCV.cpp.o[0m
[9.989s] [ 18%] [32m[1mLinking CXX executable helloOpenCV[0m
[10.862s] [ 18%] Built target helloOpenCV
[10.909s] [ 22%] [32mBuilding CXX object CMakeFiles/hello_publisher.dir/src/hello_publisher.cpp.o[0m
[16.897s] [ 27%] [32m[1mLinking CXX executable hello_publisher[0m
[17.158s] [ 27%] Built target hello_publisher
[17.202s] [ 31%] [32mBuilding CXX object CMakeFiles/hello_publisher2.dir/src/hello_publisher2.cpp.o[0m
[25.508s] [ 36%] [32m[1mLinking CXX executable hello_publisher2[0m
[25.759s] [ 36%] Built target hello_publisher2
[25.828s] [ 40%] [32mBuilding CXX object CMakeFiles/hello_publisher_class.dir/src/hello_publisher_class.cpp.o[0m
[34.699s] [ 45%] [32m[1mLinking CXX executable hello_publisher_class[0m
[35.209s] [ 45%] Built target hello_publisher_class
[35.304s] [ 50%] [32mBuilding CXX object CMakeFiles/hello_publisher_class2.dir/src/hello_publisher_class2.cpp.o[0m
[35.337s] [01m[K/home/yhan/yhan_ROS2/yhan_ws/src/simple_pkg_cpp/src/hello_publisher_class2.cpp:1:10:[m[K [01;31m[Kfatal error: [m[Ksimple_pkg_cpp/publisher.hpp: Í∑∏Îü∞ ÌååÏùºÏù¥ÎÇò ÎîîÎ†âÌÑ∞Î¶¨Í∞Ä ÏóÜÏäµÎãàÎã§
[35.337s]     1 | #include [01;31m[K"simple_pkg_cpp/publisher.hpp"[m[K
[35.337s]       |          [01;31m[K^~~~~~~~~~~~~~~~~~~~~~~~~~~~~~[m[K
[35.337s] compilation terminated.
[35.341s] gmake[2]: *** [CMakeFiles/hello_publisher_class2.dir/build.make:76: CMakeFiles/hello_publisher_class2.dir/src/hello_publisher_class2.cpp.o] Ïò§Î•ò 1
[35.341s] gmake[1]: *** [CMakeFiles/Makefile2:283: CMakeFiles/hello_publisher_class2.dir/all] Ïò§Î•ò 2
[35.341s] gmake: *** [Makefile:146: all] Ïò§Î•ò 2
[35.341s] Invoked command in '/home/yhan/yhan_ROS2/yhan_ws/src/build/simple_pkg_cpp' returned '2': CMAKE_PREFIX_PATH=/opt/ros/humble /usr/bin/cmake --build /home/yhan/yhan_ROS2/yhan_ws/src/build/simple_pkg_cpp -- -j2 -l2
