[0.035s] Invoking command in '/home/yhan/yhan_ROS2/yhan_ws/src/build/simple_pkg_cpp': CMAKE_PREFIX_PATH=/opt/ros/humble /usr/bin/cmake --build /home/yhan/yhan_ROS2/yhan_ws/src/build/simple_pkg_cpp -- -j2 -l2
[0.189s] [35m[1mConsolidate compiler generated dependencies of target helloword[0m
[0.200s] [35m[1mConsolidate compiler generated dependencies of target helloOpenCV[0m
[0.241s] [  9%] Built target helloword
[0.272s] [ 18%] Built target helloOpenCV
[0.272s] [35m[1mConsolidate compiler generated dependencies of target hello_publisher[0m
[0.296s] [35m[1mConsolidate compiler generated dependencies of target hello_publisher2[0m
[0.344s] [ 27%] Built target hello_publisher
[0.372s] [35m[1mConsolidate compiler generated dependencies of target hello_publisher_class[0m
[0.372s] [ 36%] Built target hello_publisher2
[0.408s] [ 45%] Built target hello_publisher_class
[0.464s] [ 50%] [32mBuilding CXX object CMakeFiles/hello_subscriber_class.dir/src/hello_subscriber_class.cpp.o[0m
[0.486s] [ 54%] [32mBuilding CXX object CMakeFiles/hello_publisher_class2.dir/src/hello_publisher_class2.cpp.o[0m
[0.491s] [01m[K/home/yhan/yhan_ROS2/yhan_ws/src/simple_pkg_cpp/src/hello_subscriber_class.cpp:1:10:[m[K [01;31m[Kfatal error: [m[Ksimple_pkg_cpp/subscriber.hpp: ê·¸ëŸ° íŒŒì¼ì´ë‚˜ ë””ë ‰í„°ë¦¬ê°€ ì—†ìŠµë‹ˆë‹¤
[0.491s]     1 | #include [01;31m[K"simple_pkg_cpp/subscriber.hpp"[m[K
[0.491s]       |          [01;31m[K^~~~~~~~~~~~~~~~~~~~~~~~~~~~~~~[m[K
[0.491s] compilation terminated.
[0.491s] gmake[2]: *** [CMakeFiles/hello_subscriber_class.dir/build.make:76: CMakeFiles/hello_subscriber_class.dir/src/hello_subscriber_class.cpp.o] ì˜¤ë¥˜ 1
[0.491s] gmake[1]: *** [CMakeFiles/Makefile2:309: CMakeFiles/hello_subscriber_class.dir/all] ì˜¤ë¥˜ 2
[0.491s] gmake[1]: *** ëë‚˜ì§€ ì•Šì€ ì‘ì—…ì„ ê¸°ë‹¤ë¦¬ê³  ìˆìŠµë‹ˆë‹¤....
[0.499s] [01m[K/home/yhan/yhan_ROS2/yhan_ws/src/simple_pkg_cpp/src/hello_publisher_class2.cpp:1:10:[m[K [01;31m[Kfatal error: [m[Ksimple_pkg_cpp/publisher.hpp: ê·¸ëŸ° íŒŒì¼ì´ë‚˜ ë””ë ‰í„°ë¦¬ê°€ ì—†ìŠµë‹ˆë‹¤
[0.499s]     1 | #include [01;31m[K"simple_pkg_cpp/publisher.hpp"[m[K
[0.499s]       |          [01;31m[K^~~~~~~~~~~~~~~~~~~~~~~~~~~~~~[m[K
[0.499s] compilation terminated.
[0.508s] gmake[2]: *** [CMakeFiles/hello_publisher_class2.dir/build.make:76: CMakeFiles/hello_publisher_class2.dir/src/hello_publisher_class2.cpp.o] ì˜¤ë¥˜ 1
[0.512s] gmake[2]: *** ëë‚˜ì§€ ì•Šì€ ì‘ì—…ì„ ê¸°ë‹¤ë¦¬ê³  ìˆìŠµë‹ˆë‹¤....
[0.533s] [ 59%] [32mBuilding CXX object CMakeFiles/hello_publisher_class2.dir/src/publisher.cpp.o[0m
[0.560s] [01m[K/home/yhan/yhan_ROS2/yhan_ws/src/simple_pkg_cpp/src/publisher.cpp:1:10:[m[K [01;31m[Kfatal error: [m[Ksimple_pkg_cpp/publisher.hpp: ê·¸ëŸ° íŒŒì¼ì´ë‚˜ ë””ë ‰í„°ë¦¬ê°€ ì—†ìŠµë‹ˆë‹¤
[0.560s]     1 | #include [01;31m[K"simple_pkg_cpp/publisher.hpp"[m[K
[0.560s]       |          [01;31m[K^~~~~~~~~~~~~~~~~~~~~~~~~~~~~~[m[K
[0.560s] compilation terminated.
[0.561s] gmake[2]: *** [CMakeFiles/hello_publisher_class2.dir/build.make:90: CMakeFiles/hello_publisher_class2.dir/src/publisher.cpp.o] ì˜¤ë¥˜ 1
[0.561s] gmake[1]: *** [CMakeFiles/Makefile2:283: CMakeFiles/hello_publisher_class2.dir/all] ì˜¤ë¥˜ 2
[0.561s] gmake: *** [Makefile:146: all] ì˜¤ë¥˜ 2
[0.563s] Invoked command in '/home/yhan/yhan_ROS2/yhan_ws/src/build/simple_pkg_cpp' returned '2': CMAKE_PREFIX_PATH=/opt/ros/humble /usr/bin/cmake --build /home/yhan/yhan_ROS2/yhan_ws/src/build/simple_pkg_cpp -- -j2 -l2
