[0.017s] Invoking command in '/home/yhan/yhan_ws/build/simple_pkg_cpp': CMAKE_PREFIX_PATH=${CMAKE_PREFIX_PATH}:/opt/ros/humble /usr/bin/cmake --build /home/yhan/yhan_ws/build/simple_pkg_cpp -- -j2 -l2
[0.038s] -- Found ament_cmake: 1.3.9 (/opt/ros/humble/share/ament_cmake/cmake)
[0.130s] -- Found rclcpp: 16.0.9 (/opt/ros/humble/share/rclcpp/cmake)
[0.152s] -- Found rosidl_generator_c: 3.1.5 (/opt/ros/humble/share/rosidl_generator_c/cmake)
[0.154s] -- Found rosidl_adapter: 3.1.5 (/opt/ros/humble/share/rosidl_adapter/cmake)
[0.158s] -- Found rosidl_generator_cpp: 3.1.5 (/opt/ros/humble/share/rosidl_generator_cpp/cmake)
[0.165s] -- Using all available rosidl_typesupport_c: rosidl_typesupport_fastrtps_c;rosidl_typesupport_introspection_c
[0.176s] -- Using all available rosidl_typesupport_cpp: rosidl_typesupport_fastrtps_cpp;rosidl_typesupport_introspection_cpp
[0.215s] -- Found rmw_implementation_cmake: 6.1.2 (/opt/ros/humble/share/rmw_implementation_cmake/cmake)
[0.216s] -- Found rmw_fastrtps_cpp: 6.2.6 (/opt/ros/humble/share/rmw_fastrtps_cpp/cmake)
[0.297s] -- Using RMW implementation 'rmw_fastrtps_cpp' as default
[0.411s] -- Found ament_lint_auto: 0.12.11 (/opt/ros/humble/share/ament_lint_auto/cmake)
[0.475s] -- Added test 'cppcheck' to perform static code analysis on C / C++ code
[0.475s] -- Configured cppcheck include dirs: 
[0.475s] -- Configured cppcheck exclude dirs and/or files: 
[0.476s] -- Added test 'lint_cmake' to check CMake code style
[0.478s] -- Added test 'uncrustify' to check C / C++ code style
[0.478s] -- Configured uncrustify additional arguments: 
[0.478s] -- Added test 'xmllint' to check XML markup files
[0.480s] -- Configuring done
[0.489s] -- Generating done
[0.490s] -- Build files have been written to: /home/yhan/yhan_ws/build/simple_pkg_cpp
[0.510s] [35m[1mConsolidate compiler generated dependencies of target helloworld[0m
[0.524s] [ 50%] Built target helloworld
[0.527s] [ 75%] [32mBuilding CXX object CMakeFiles/helloOpenCV.dir/src/helloOpenCV.cpp.o[0m
[1.554s] [01m[K/home/yhan/yhan_ws/src/simple_pkg_cpp/src/helloOpenCV.cpp:[m[K In function â€˜[01m[Kint main()[m[Kâ€™:
[1.554s] [01m[K/home/yhan/yhan_ws/src/simple_pkg_cpp/src/helloOpenCV.cpp:12:5:[m[K [01;31m[Kerror: [m[Kâ€˜[01m[Kreturn0[m[Kâ€™ was not declared in this scope
[1.554s]    12 |     [01;31m[Kreturn0[m[K;
[1.554s]       |     [01;31m[K^~~~~~~[m[K
[1.930s] gmake[2]: *** [CMakeFiles/helloOpenCV.dir/build.make:76: CMakeFiles/helloOpenCV.dir/src/helloOpenCV.cpp.o] ì˜¤ë¥˜ 1
[1.930s] gmake[1]: *** [CMakeFiles/Makefile2:165: CMakeFiles/helloOpenCV.dir/all] ì˜¤ë¥˜ 2
[1.930s] gmake: *** [Makefile:146: all] ì˜¤ë¥˜ 2
[1.932s] Invoked command in '/home/yhan/yhan_ws/build/simple_pkg_cpp' returned '2': CMAKE_PREFIX_PATH=${CMAKE_PREFIX_PATH}:/opt/ros/humble /usr/bin/cmake --build /home/yhan/yhan_ws/build/simple_pkg_cpp -- -j2 -l2
